c:\gitrepos\steersuite-rutgers-23\build\bin\glfw.pdb
c:\gitrepos\steersuite-rutgers-23\build\vs2012\obj\x64\release\glfw\win32_time.obj
c:\gitrepos\steersuite-rutgers-23\build\vs2012\obj\x64\release\glfw\win32_thread.obj
c:\gitrepos\steersuite-rutgers-23\build\vs2012\obj\x64\release\glfw\win32_joystick.obj
c:\gitrepos\steersuite-rutgers-23\build\vs2012\obj\x64\release\glfw\win32_init.obj
c:\gitrepos\steersuite-rutgers-23\build\vs2012\obj\x64\release\glfw\win32_glext.obj
c:\gitrepos\steersuite-rutgers-23\build\vs2012\obj\x64\release\glfw\win32_fullscreen.obj
c:\gitrepos\steersuite-rutgers-23\build\vs2012\obj\x64\release\glfw\win32_enable.obj
c:\gitrepos\steersuite-rutgers-23\build\vs2012\obj\x64\release\glfw\win32_dllmain.obj
c:\gitrepos\steersuite-rutgers-23\build\vs2012\obj\x64\release\glfw\window.obj
c:\gitrepos\steersuite-rutgers-23\build\vs2012\obj\x64\release\glfw\time.obj
c:\gitrepos\steersuite-rutgers-23\build\vs2012\obj\x64\release\glfw\thread.obj
c:\gitrepos\steersuite-rutgers-23\build\vs2012\obj\x64\release\glfw\tga.obj
c:\gitrepos\steersuite-rutgers-23\build\vs2012\obj\x64\release\glfw\stream.obj
c:\gitrepos\steersuite-rutgers-23\build\vs2012\obj\x64\release\glfw\joystick.obj
c:\gitrepos\steersuite-rutgers-23\build\vs2012\obj\x64\release\glfw\input.obj
c:\gitrepos\steersuite-rutgers-23\build\vs2012\obj\x64\release\glfw\init.obj
c:\gitrepos\steersuite-rutgers-23\build\vs2012\obj\x64\release\glfw\image.obj
c:\gitrepos\steersuite-rutgers-23\build\vs2012\obj\x64\release\glfw\glext.obj
c:\gitrepos\steersuite-rutgers-23\build\vs2012\obj\x64\release\glfw\fullscreen.obj
c:\gitrepos\steersuite-rutgers-23\build\vs2012\obj\x64\release\glfw\enable.obj
c:\gitrepos\steersuite-rutgers-23\build\vs2012\obj\x64\release\glfw\win32_window.obj
c:\gitrepos\steersuite-rutgers-23\build\bin\glfw.lib
c:\gitrepos\steersuite-rutgers-23\build\bin\glfw.exp
c:\gitrepos\steersuite-rutgers-23\build\bin\glfw.dll
c:\gitrepos\steersuite-rutgers-23\build\vs2012\..\bin\glfw.dll
c:\gitrepos\steersuite-rutgers-23\build\vs2012\obj\x64\release\glfw\glfw.tlog\cl.command.1.tlog
c:\gitrepos\steersuite-rutgers-23\build\vs2012\obj\x64\release\glfw\glfw.tlog\cl.read.1.tlog
c:\gitrepos\steersuite-rutgers-23\build\vs2012\obj\x64\release\glfw\glfw.tlog\cl.write.1.tlog
c:\gitrepos\steersuite-rutgers-23\build\vs2012\obj\x64\release\glfw\glfw.tlog\glfw.write.1u.tlog
c:\gitrepos\steersuite-rutgers-23\build\vs2012\obj\x64\release\glfw\glfw.tlog\link.command.1.tlog
c:\gitrepos\steersuite-rutgers-23\build\vs2012\obj\x64\release\glfw\glfw.tlog\link.read.1.tlog
c:\gitrepos\steersuite-rutgers-23\build\vs2012\obj\x64\release\glfw\glfw.tlog\link.write.1.tlog
