c:\gitrepos\steersuite-rutgers-23\build\bin\navmesh.pdb
c:\gitrepos\steersuite-rutgers-23\build\vs2012\obj\x64\release\navmesh\valuehistory.obj
c:\gitrepos\steersuite-rutgers-23\build\vs2012\obj\x64\release\navmesh\timer.obj
c:\gitrepos\steersuite-rutgers-23\build\vs2012\obj\x64\release\navmesh\sample_solomesh.obj
c:\gitrepos\steersuite-rutgers-23\build\vs2012\obj\x64\release\navmesh\sampleinterfaces.obj
c:\gitrepos\steersuite-rutgers-23\build\vs2012\obj\x64\release\navmesh\sample.obj
c:\gitrepos\steersuite-rutgers-23\build\vs2012\obj\x64\release\navmesh\recasenavmeshplanner.obj
c:\gitrepos\steersuite-rutgers-23\build\vs2012\obj\x64\release\navmesh\perftimer.obj
c:\gitrepos\steersuite-rutgers-23\build\vs2012\obj\x64\release\navmesh\offmeshconnectiontool.obj
c:\gitrepos\steersuite-rutgers-23\build\vs2012\obj\x64\release\navmesh\navmeshtestertool.obj
c:\gitrepos\steersuite-rutgers-23\build\vs2012\obj\x64\release\navmesh\navmeshprunetool.obj
c:\gitrepos\steersuite-rutgers-23\build\vs2012\obj\x64\release\navmesh\navmeshmodule.obj
c:\gitrepos\steersuite-rutgers-23\build\vs2012\obj\x64\release\navmesh\meshloaderobj.obj
c:\gitrepos\steersuite-rutgers-23\build\vs2012\obj\x64\release\navmesh\mesh.obj
c:\gitrepos\steersuite-rutgers-23\build\vs2012\obj\x64\release\navmesh\main.obj
c:\gitrepos\steersuite-rutgers-23\build\vs2012\obj\x64\release\navmesh\inputgeom.obj
c:\gitrepos\steersuite-rutgers-23\build\vs2012\obj\x64\release\navmesh\imguirendergl.obj
c:\gitrepos\steersuite-rutgers-23\build\vs2012\obj\x64\release\navmesh\imgui.obj
c:\gitrepos\steersuite-rutgers-23\build\vs2012\obj\x64\release\navmesh\crowdtool.obj
c:\gitrepos\steersuite-rutgers-23\build\vs2012\obj\x64\release\navmesh\convexvolumetool.obj
c:\gitrepos\steersuite-rutgers-23\build\vs2012\obj\x64\release\navmesh\chunkytrimesh.obj
c:\gitrepos\steersuite-rutgers-23\build\bin\navmesh.dll
c:\gitrepos\steersuite-rutgers-23\build\bin\navmesh.lib
c:\gitrepos\steersuite-rutgers-23\build\bin\navmesh.exp
c:\gitrepos\steersuite-rutgers-23\build\vs2012\obj\x64\release\navmesh\navmesh.vcxprojresolveassemblyreference.cache
c:\gitrepos\steersuite-rutgers-23\build\vs2012\..\bin\navmesh.dll
c:\gitrepos\steersuite-rutgers-23\build\vs2012\obj\x64\release\navmesh\navmesh.tlog\cl.command.1.tlog
c:\gitrepos\steersuite-rutgers-23\build\vs2012\obj\x64\release\navmesh\navmesh.tlog\cl.read.1.tlog
c:\gitrepos\steersuite-rutgers-23\build\vs2012\obj\x64\release\navmesh\navmesh.tlog\cl.write.1.tlog
c:\gitrepos\steersuite-rutgers-23\build\vs2012\obj\x64\release\navmesh\navmesh.tlog\link.command.1.tlog
c:\gitrepos\steersuite-rutgers-23\build\vs2012\obj\x64\release\navmesh\navmesh.tlog\link.read.1.tlog
c:\gitrepos\steersuite-rutgers-23\build\vs2012\obj\x64\release\navmesh\navmesh.tlog\link.write.1.tlog
c:\gitrepos\steersuite-rutgers-23\build\vs2012\obj\x64\release\navmesh\navmesh.tlog\navmesh.write.1u.tlog
