c:\gitrepos\steersuite-rutgers-23\build\bin\recast.pdb
c:\gitrepos\steersuite-rutgers-23\build\vs2012\obj\x64\release\recast\recastregion.obj
c:\gitrepos\steersuite-rutgers-23\build\vs2012\obj\x64\release\recast\recastrasterization.obj
c:\gitrepos\steersuite-rutgers-23\build\vs2012\obj\x64\release\recast\recastmeshdetail.obj
c:\gitrepos\steersuite-rutgers-23\build\vs2012\obj\x64\release\recast\recastmesh.obj
c:\gitrepos\steersuite-rutgers-23\build\vs2012\obj\x64\release\recast\recastlayers.obj
c:\gitrepos\steersuite-rutgers-23\build\vs2012\obj\x64\release\recast\recastfilter.obj
c:\gitrepos\steersuite-rutgers-23\build\vs2012\obj\x64\release\recast\recastcontour.obj
c:\gitrepos\steersuite-rutgers-23\build\vs2012\obj\x64\release\recast\recastarea.obj
c:\gitrepos\steersuite-rutgers-23\build\vs2012\obj\x64\release\recast\recastalloc.obj
c:\gitrepos\steersuite-rutgers-23\build\vs2012\obj\x64\release\recast\recast.obj
c:\gitrepos\steersuite-rutgers-23\build\bin\recast.lib
c:\gitrepos\steersuite-rutgers-23\build\vs2012\obj\x64\release\recast\recast.vcxprojresolveassemblyreference.cache
c:\gitrepos\steersuite-rutgers-23\build\vs2012\..\bin\recast.lib
c:\gitrepos\steersuite-rutgers-23\build\vs2012\obj\x64\release\recast\recast.tlog\cl.command.1.tlog
c:\gitrepos\steersuite-rutgers-23\build\vs2012\obj\x64\release\recast\recast.tlog\cl.read.1.tlog
c:\gitrepos\steersuite-rutgers-23\build\vs2012\obj\x64\release\recast\recast.tlog\cl.write.1.tlog
c:\gitrepos\steersuite-rutgers-23\build\vs2012\obj\x64\release\recast\recast.tlog\lib-link.read.1.tlog
c:\gitrepos\steersuite-rutgers-23\build\vs2012\obj\x64\release\recast\recast.tlog\lib-link.write.1.tlog
c:\gitrepos\steersuite-rutgers-23\build\vs2012\obj\x64\release\recast\recast.tlog\lib.command.1.tlog
