c:\gitrepos\steersuite-rutgers-23\build\bin\util.pdb
c:\gitrepos\steersuite-rutgers-23\build\vs2012\obj\x64\release\util\logobject.obj
c:\gitrepos\steersuite-rutgers-23\build\vs2012\obj\x64\release\util\logmanager.obj
c:\gitrepos\steersuite-rutgers-23\build\vs2012\obj\x64\release\util\logger.obj
c:\gitrepos\steersuite-rutgers-23\build\vs2012\obj\x64\release\util\logdata.obj
c:\gitrepos\steersuite-rutgers-23\build\vs2012\obj\x64\release\util\astarliteopen.obj
c:\gitrepos\steersuite-rutgers-23\build\vs2012\obj\x64\release\util\astarlitenode.obj
c:\gitrepos\steersuite-rutgers-23\build\vs2012\obj\x64\release\util\astarliteclose.obj
c:\gitrepos\steersuite-rutgers-23\build\vs2012\obj\x64\release\util\astarlite.obj
c:\gitrepos\steersuite-rutgers-23\build\bin\util.dll
c:\gitrepos\steersuite-rutgers-23\build\bin\util.lib
c:\gitrepos\steersuite-rutgers-23\build\bin\util.exp
c:\gitrepos\steersuite-rutgers-23\build\vs2012\..\bin\util.dll
c:\gitrepos\steersuite-rutgers-23\build\vs2012\obj\x64\release\util\util.tlog\cl.command.1.tlog
c:\gitrepos\steersuite-rutgers-23\build\vs2012\obj\x64\release\util\util.tlog\cl.read.1.tlog
c:\gitrepos\steersuite-rutgers-23\build\vs2012\obj\x64\release\util\util.tlog\cl.write.1.tlog
c:\gitrepos\steersuite-rutgers-23\build\vs2012\obj\x64\release\util\util.tlog\link.command.1.tlog
c:\gitrepos\steersuite-rutgers-23\build\vs2012\obj\x64\release\util\util.tlog\link.read.1.tlog
c:\gitrepos\steersuite-rutgers-23\build\vs2012\obj\x64\release\util\util.tlog\link.write.1.tlog
c:\gitrepos\steersuite-rutgers-23\build\vs2012\obj\x64\release\util\util.tlog\util.write.1u.tlog
