c:\gitrepos\steersuite-rutgers-23\build\bin\steersimlib.pdb
c:\gitrepos\steersuite-rutgers-23\build\vs2012\obj\x64\release\steersimlib\testcaseplayerwidget.obj
c:\gitrepos\steersuite-rutgers-23\build\vs2012\obj\x64\release\steersimlib\steersim.obj
c:\gitrepos\steersuite-rutgers-23\build\vs2012\obj\x64\release\steersimlib\recfileplayerwidget.obj
c:\gitrepos\steersuite-rutgers-23\build\vs2012\obj\x64\release\steersimlib\qtenginedriver.obj
c:\gitrepos\steersuite-rutgers-23\build\vs2012\obj\x64\release\steersimlib\qtenginecontroller.obj
c:\gitrepos\steersuite-rutgers-23\build\vs2012\obj\x64\release\steersimlib\modulemanagerwidget.obj
c:\gitrepos\steersuite-rutgers-23\build\vs2012\obj\x64\release\steersimlib\glwidget.obj
c:\gitrepos\steersuite-rutgers-23\build\vs2012\obj\x64\release\steersimlib\globaleventfilter.obj
c:\gitrepos\steersuite-rutgers-23\build\vs2012\obj\x64\release\steersimlib\glfwenginedriver.obj
c:\gitrepos\steersuite-rutgers-23\build\vs2012\obj\x64\release\steersimlib\consolewidget.obj
c:\gitrepos\steersuite-rutgers-23\build\vs2012\obj\x64\release\steersimlib\commandlineenginedriver.obj
c:\gitrepos\steersuite-rutgers-23\build\vs2012\obj\x64\release\steersimlib\clockwidget.obj
c:\gitrepos\steersuite-rutgers-23\build\bin\steersimlib.dll
c:\gitrepos\steersuite-rutgers-23\build\bin\steersimlib.lib
c:\gitrepos\steersuite-rutgers-23\build\bin\steersimlib.exp
c:\gitrepos\steersuite-rutgers-23\build\vs2012\obj\x64\release\steersimlib\steersimlib.vcxprojresolveassemblyreference.cache
c:\gitrepos\steersuite-rutgers-23\build\vs2012\..\bin\steersimlib.dll
c:\gitrepos\steersuite-rutgers-23\build\vs2012\obj\x64\release\steersimlib\steersimlib.tlog\cl.command.1.tlog
c:\gitrepos\steersuite-rutgers-23\build\vs2012\obj\x64\release\steersimlib\steersimlib.tlog\cl.read.1.tlog
c:\gitrepos\steersuite-rutgers-23\build\vs2012\obj\x64\release\steersimlib\steersimlib.tlog\cl.write.1.tlog
c:\gitrepos\steersuite-rutgers-23\build\vs2012\obj\x64\release\steersimlib\steersimlib.tlog\link.command.1.tlog
c:\gitrepos\steersuite-rutgers-23\build\vs2012\obj\x64\release\steersimlib\steersimlib.tlog\link.read.1.tlog
c:\gitrepos\steersuite-rutgers-23\build\vs2012\obj\x64\release\steersimlib\steersimlib.tlog\link.write.1.tlog
c:\gitrepos\steersuite-rutgers-23\build\vs2012\obj\x64\release\steersimlib\steersimlib.tlog\steersimlib.write.1u.tlog
