c:\gitrepos\steersuite-rutgers-23\build\bin\steerlib.pdb
c:\gitrepos\steersuite-rutgers-23\build\vs2012\obj\x64\release\steerlib\gjk_epa.obj
c:\gitrepos\steersuite-rutgers-23\build\vs2012\obj\x64\release\steerlib\framesaver.obj
c:\gitrepos\steersuite-rutgers-23\build\vs2012\obj\x64\release\steerlib\dynamiclibrary.obj
c:\gitrepos\steersuite-rutgers-23\build\vs2012\obj\x64\release\steerlib\drawlib.obj
c:\gitrepos\steersuite-rutgers-23\build\vs2012\obj\x64\release\steerlib\curve.obj
c:\gitrepos\steersuite-rutgers-23\build\vs2012\obj\x64\release\steerlib\compositetechniqueple.obj
c:\gitrepos\steersuite-rutgers-23\build\vs2012\obj\x64\release\steerlib\compositetechniquegraph.obj
c:\gitrepos\steersuite-rutgers-23\build\vs2012\obj\x64\release\steerlib\compositetechniqueentropy.obj
c:\gitrepos\steersuite-rutgers-23\build\vs2012\obj\x64\release\steerlib\compositetechnique02.obj
c:\gitrepos\steersuite-rutgers-23\build\vs2012\obj\x64\release\steerlib\compositetechnique01.obj
c:\gitrepos\steersuite-rutgers-23\build\vs2012\obj\x64\release\steerlib\commandlineparser.obj
c:\gitrepos\steersuite-rutgers-23\build\vs2012\obj\x64\release\steerlib\clock.obj
c:\gitrepos\steersuite-rutgers-23\build\vs2012\obj\x64\release\steerlib\circleobstacle.obj
c:\gitrepos\steersuite-rutgers-23\build\vs2012\obj\x64\release\steerlib\camera.obj
c:\gitrepos\steersuite-rutgers-23\build\vs2012\obj\x64\release\steerlib\boxobstacle.obj
c:\gitrepos\steersuite-rutgers-23\build\vs2012\obj\x64\release\steerlib\benchmarkengine.obj
c:\gitrepos\steersuite-rutgers-23\build\vs2012\obj\x64\release\steerlib\behaviour.obj
c:\gitrepos\steersuite-rutgers-23\build\vs2012\obj\x64\release\steerlib\behaviorparameter.obj
c:\gitrepos\steersuite-rutgers-23\build\vs2012\obj\x64\release\steerlib\agentmetricscollector.obj
c:\gitrepos\steersuite-rutgers-23\build\vs2012\obj\x64\release\steerlib\agentinterface.obj
c:\gitrepos\steersuite-rutgers-23\build\vs2012\obj\x64\release\steerlib\testcasereader.obj
c:\gitrepos\steersuite-rutgers-23\build\vs2012\obj\x64\release\steerlib\testcaseplayermodule.obj
c:\gitrepos\steersuite-rutgers-23\build\vs2012\obj\x64\release\steerlib\steeringcommand.obj
c:\gitrepos\steersuite-rutgers-23\build\vs2012\obj\x64\release\steerlib\statemachine.obj
c:\gitrepos\steersuite-rutgers-23\build\vs2012\obj\x64\release\steerlib\simulationrecordermodule.obj
c:\gitrepos\steersuite-rutgers-23\build\vs2012\obj\x64\release\steerlib\simulationoptions.obj
c:\gitrepos\steersuite-rutgers-23\build\vs2012\obj\x64\release\steerlib\simulationmetricscollector.obj
c:\gitrepos\steersuite-rutgers-23\build\vs2012\obj\x64\release\steerlib\simulationengine.obj
c:\gitrepos\steersuite-rutgers-23\build\vs2012\obj\x64\release\steerlib\recfilewriter.obj
c:\gitrepos\steersuite-rutgers-23\build\vs2012\obj\x64\release\steerlib\recfilereader.obj
c:\gitrepos\steersuite-rutgers-23\build\vs2012\obj\x64\release\steerlib\recfileplayermodule.obj
c:\gitrepos\steersuite-rutgers-23\build\vs2012\obj\x64\release\steerlib\polygonobstacle.obj
c:\gitrepos\steersuite-rutgers-23\build\vs2012\obj\x64\release\steerlib\performanceprofiler.obj
c:\gitrepos\steersuite-rutgers-23\build\vs2012\obj\x64\release\steerlib\orientedwallobstacle.obj
c:\gitrepos\steersuite-rutgers-23\build\vs2012\obj\x64\release\steerlib\orientedboxobstacle.obj
c:\gitrepos\steersuite-rutgers-23\build\vs2012\obj\x64\release\steerlib\misc.obj
c:\gitrepos\steersuite-rutgers-23\build\vs2012\obj\x64\release\steerlib\memorymapper.obj
c:\gitrepos\steersuite-rutgers-23\build\vs2012\obj\x64\release\steerlib\highrescounter.obj
c:\gitrepos\steersuite-rutgers-23\build\vs2012\obj\x64\release\steerlib\griddatabaseplanningdomain.obj
c:\gitrepos\steersuite-rutgers-23\build\vs2012\obj\x64\release\steerlib\griddatabase2d.obj
c:\gitrepos\steersuite-rutgers-23\build\vs2012\obj\x64\release\steerlib\tinyxmlparser.obj
c:\gitrepos\steersuite-rutgers-23\build\vs2012\obj\x64\release\steerlib\tinyxmlerror.obj
c:\gitrepos\steersuite-rutgers-23\build\vs2012\obj\x64\release\steerlib\tinyxml.obj
c:\gitrepos\steersuite-rutgers-23\build\vs2012\obj\x64\release\steerlib\tinystr.obj
c:\gitrepos\steersuite-rutgers-23\build\vs2012\obj\x64\release\steerlib\ticpp.obj
c:\gitrepos\steersuite-rutgers-23\build\vs2012\obj\x64\release\steerlib\xmlparser.obj
c:\gitrepos\steersuite-rutgers-23\build\vs2012\obj\x64\release\steerlib\threadedtaskmanager.obj
c:\gitrepos\steersuite-rutgers-23\build\vs2012\obj\x64\release\steerlib\testcasewriter.obj
c:\gitrepos\steersuite-rutgers-23\build\vs2012\obj\x64\release\steerlib\testcasereaderprivate.obj
c:\gitrepos\steersuite-rutgers-23\build\bin\steerlib.dll
c:\gitrepos\steersuite-rutgers-23\build\bin\steerlib.lib
c:\gitrepos\steersuite-rutgers-23\build\bin\steerlib.exp
c:\gitrepos\steersuite-rutgers-23\build\vs2012\obj\x64\release\steerlib\steerlib.vcxprojresolveassemblyreference.cache
c:\gitrepos\steersuite-rutgers-23\build\vs2012\..\bin\steerlib.dll
c:\gitrepos\steersuite-rutgers-23\build\vs2012\obj\x64\release\steerlib\steerlib.tlog\cl.command.1.tlog
c:\gitrepos\steersuite-rutgers-23\build\vs2012\obj\x64\release\steerlib\steerlib.tlog\cl.read.1.tlog
c:\gitrepos\steersuite-rutgers-23\build\vs2012\obj\x64\release\steerlib\steerlib.tlog\cl.write.1.tlog
c:\gitrepos\steersuite-rutgers-23\build\vs2012\obj\x64\release\steerlib\steerlib.tlog\link.command.1.tlog
c:\gitrepos\steersuite-rutgers-23\build\vs2012\obj\x64\release\steerlib\steerlib.tlog\link.read.1.tlog
c:\gitrepos\steersuite-rutgers-23\build\vs2012\obj\x64\release\steerlib\steerlib.tlog\link.write.1.tlog
c:\gitrepos\steersuite-rutgers-23\build\vs2012\obj\x64\release\steerlib\steerlib.tlog\steerlib.write.1u.tlog
